{"D:\\nodejs\\test-mongoose-inmemory\\src\\models\\product.js": {"path":"D:\\nodejs\\test-mongoose-inmemory\\src\\models\\product.js","statementMap":{"0":{"start":{"line":3,"column":17},"end":{"line":3,"column":36}},"1":{"start":{"line":8,"column":22},"end":{"line":12,"column":2}},"2":{"start":{"line":14,"column":0},"end":{"line":14,"column":58}}},"fnMap":{},"branchMap":{},"s":{"0":2,"1":2,"2":2},"f":{},"b":{},"_coverageSchema":"1a1c01bbd47fc00a2c39e90264f33305004495a9","hash":"f6e5d373567252c083e637e05bfa8e76475f010b"}
,"D:\\nodejs\\test-mongoose-inmemory\\src\\services\\product.js": {"path":"D:\\nodejs\\test-mongoose-inmemory\\src\\services\\product.js","statementMap":{"0":{"start":{"line":3,"column":21},"end":{"line":3,"column":49}},"1":{"start":{"line":10,"column":0},"end":{"line":15,"column":2}},"2":{"start":{"line":11,"column":4},"end":{"line":12,"column":43}},"3":{"start":{"line":12,"column":8},"end":{"line":12,"column":43}},"4":{"start":{"line":14,"column":4},"end":{"line":14,"column":39}},"5":{"start":{"line":21,"column":0},"end":{"line":24,"column":2}},"6":{"start":{"line":22,"column":20},"end":{"line":22,"column":51}},"7":{"start":{"line":23,"column":4},"end":{"line":23,"column":19}}},"fnMap":{"0":{"name":"(anonymous_0)","decl":{"start":{"line":10,"column":24},"end":{"line":10,"column":25}},"loc":{"start":{"line":10,"column":43},"end":{"line":15,"column":1}},"line":10},"1":{"name":"(anonymous_1)","decl":{"start":{"line":21,"column":25},"end":{"line":21,"column":26}},"loc":{"start":{"line":21,"column":39},"end":{"line":24,"column":1}},"line":21}},"branchMap":{"0":{"loc":{"start":{"line":11,"column":4},"end":{"line":12,"column":43}},"type":"if","locations":[{"start":{"line":11,"column":4},"end":{"line":12,"column":43}},{"start":{"line":11,"column":4},"end":{"line":12,"column":43}}],"line":11}},"s":{"0":2,"1":2,"2":5,"3":0,"4":5,"5":2,"6":2,"7":2},"f":{"0":5,"1":2},"b":{"0":[0,5]},"_coverageSchema":"1a1c01bbd47fc00a2c39e90264f33305004495a9","hash":"350d11e4c2967feeab17ab07764a4a5d3a6c5bff"}
,"D:\\nodejs\\test-mongoose-inmemory\\tests\\db-handler.js": {"path":"D:\\nodejs\\test-mongoose-inmemory\\tests\\db-handler.js","statementMap":{"0":{"start":{"line":3,"column":17},"end":{"line":3,"column":36}},"1":{"start":{"line":4,"column":30},"end":{"line":4,"column":62}},"2":{"start":{"line":6,"column":15},"end":{"line":6,"column":38}},"3":{"start":{"line":11,"column":0},"end":{"line":23,"column":2}},"4":{"start":{"line":13,"column":16},"end":{"line":13,"column":37}},"5":{"start":{"line":15,"column":25},"end":{"line":20,"column":5}},"6":{"start":{"line":22,"column":4},"end":{"line":22,"column":46}},"7":{"start":{"line":28,"column":0},"end":{"line":32,"column":2}},"8":{"start":{"line":29,"column":4},"end":{"line":29,"column":45}},"9":{"start":{"line":30,"column":4},"end":{"line":30,"column":38}},"10":{"start":{"line":31,"column":4},"end":{"line":31,"column":24}},"11":{"start":{"line":37,"column":0},"end":{"line":44,"column":2}},"12":{"start":{"line":38,"column":24},"end":{"line":38,"column":55}},"13":{"start":{"line":40,"column":4},"end":{"line":43,"column":5}},"14":{"start":{"line":41,"column":27},"end":{"line":41,"column":43}},"15":{"start":{"line":42,"column":8},"end":{"line":42,"column":38}}},"fnMap":{"0":{"name":"(anonymous_0)","decl":{"start":{"line":11,"column":25},"end":{"line":11,"column":26}},"loc":{"start":{"line":11,"column":37},"end":{"line":23,"column":1}},"line":11},"1":{"name":"(anonymous_1)","decl":{"start":{"line":28,"column":31},"end":{"line":28,"column":32}},"loc":{"start":{"line":28,"column":43},"end":{"line":32,"column":1}},"line":28},"2":{"name":"(anonymous_2)","decl":{"start":{"line":37,"column":31},"end":{"line":37,"column":32}},"loc":{"start":{"line":37,"column":43},"end":{"line":44,"column":1}},"line":37}},"branchMap":{},"s":{"0":2,"1":2,"2":2,"3":2,"4":2,"5":2,"6":2,"7":2,"8":2,"9":2,"10":2,"11":2,"12":6,"13":6,"14":6,"15":6},"f":{"0":2,"1":2,"2":6},"b":{},"_coverageSchema":"1a1c01bbd47fc00a2c39e90264f33305004495a9","hash":"95b144d29d531a151cfad3530384915817209a74"}
}
