TN:
SF:src\models\product.js
FNF:0
FNH:0
DA:3,2
DA:8,2
DA:14,2
LF:3
LH:3
BRF:0
BRH:0
end_of_record
TN:
SF:src\services\product.js
FN:10,(anonymous_0)
FN:21,(anonymous_1)
FNF:2
FNH:2
FNDA:5,(anonymous_0)
FNDA:2,(anonymous_1)
DA:3,2
DA:10,2
DA:11,5
DA:12,0
DA:14,5
DA:21,2
DA:22,2
DA:23,2
LF:8
LH:7
BRDA:11,0,0,0
BRDA:11,0,1,5
BRF:2
BRH:1
end_of_record
TN:
SF:tests\db-handler.js
FN:11,(anonymous_0)
FN:28,(anonymous_1)
FN:37,(anonymous_2)
FNF:3
FNH:3
FNDA:2,(anonymous_0)
FNDA:2,(anonymous_1)
FNDA:6,(anonymous_2)
DA:3,2
DA:4,2
DA:6,2
DA:11,2
DA:13,2
DA:15,2
DA:22,2
DA:28,2
DA:29,2
DA:30,2
DA:31,2
DA:37,2
DA:38,6
DA:40,6
DA:41,6
DA:42,6
LF:16
LH:16
BRF:0
BRH:0
end_of_record
